app/build/intermediates/manifest_merge_blame_file/debug/manifest-merger-blame-debug-report.txt
1<?xml version="1.0" encoding="utf-8"?>
2<manifest xmlns:android="http://schemas.android.com/apk/res/android"
3    package="com.onlineShop.shopit"
4    android:versionCode="1"
5    android:versionName="1.0" >
6
7    <uses-sdk
8        android:minSdkVersion="25"
8-->src\main\AndroidManifest.xml
9        android:targetSdkVersion="33" />
9-->src\main\AndroidManifest.xml
10
11    <uses-permission android:name="android.permission.INTERNET" />
11-->src\main\AndroidManifest.xml:5:5-67
11-->src\main\AndroidManifest.xml:5:22-64
12    <uses-permission android:name="android.permission.READ_EXTERNAL_STORAGE" />
12-->src\main\AndroidManifest.xml:6:5-80
12-->src\main\AndroidManifest.xml:6:22-77
13    <uses-permission android:name="android.permission.ACCESS_NETWORK_STATE" />
13-->[com.google.firebase:firebase-auth:22.0.0] AndroidManifest.xml:26:5-79
13-->[com.google.firebase:firebase-auth:22.0.0] AndroidManifest.xml:26:22-76
14    <uses-permission android:name="android.permission.POST_NOTIFICATIONS" />
14-->[com.google.firebase:firebase-messaging:23.1.2] AndroidManifest.xml:25:5-77
14-->[com.google.firebase:firebase-messaging:23.1.2] AndroidManifest.xml:25:22-74
15    <uses-permission android:name="android.permission.WAKE_LOCK" /> <!-- Required by older versions of Google Play services to create IID tokens -->
15-->[com.google.firebase:firebase-messaging:23.1.2] AndroidManifest.xml:26:5-68
15-->[com.google.firebase:firebase-messaging:23.1.2] AndroidManifest.xml:26:22-65
16    <uses-permission android:name="com.google.android.c2dm.permission.RECEIVE" />
16-->[com.google.firebase:firebase-messaging:23.1.2] AndroidManifest.xml:28:5-82
16-->[com.google.firebase:firebase-messaging:23.1.2] AndroidManifest.xml:28:22-79
17    <uses-permission android:name="com.google.android.gms.permission.AD_ID" />
17-->[com.google.android.gms:play-services-measurement-api:21.3.0] AndroidManifest.xml:25:5-79
17-->[com.google.android.gms:play-services-measurement-api:21.3.0] AndroidManifest.xml:25:22-76
18    <uses-permission android:name="com.google.android.finsky.permission.BIND_GET_INSTALL_REFERRER_SERVICE" />
18-->[com.google.android.gms:play-services-measurement:21.3.0] AndroidManifest.xml:26:5-110
18-->[com.google.android.gms:play-services-measurement:21.3.0] AndroidManifest.xml:26:22-107
19
20    <permission
20-->[androidx.core:core:1.10.1] AndroidManifest.xml:22:5-24:47
21        android:name="com.onlineShop.shopit.DYNAMIC_RECEIVER_NOT_EXPORTED_PERMISSION"
21-->[androidx.core:core:1.10.1] AndroidManifest.xml:23:9-81
22        android:protectionLevel="signature" />
22-->[androidx.core:core:1.10.1] AndroidManifest.xml:24:9-44
23
24    <uses-permission android:name="com.onlineShop.shopit.DYNAMIC_RECEIVER_NOT_EXPORTED_PERMISSION" />
24-->[androidx.core:core:1.10.1] AndroidManifest.xml:26:5-97
24-->[androidx.core:core:1.10.1] AndroidManifest.xml:26:22-94
25
26    <application
26-->src\main\AndroidManifest.xml:8:5-83:19
27        android:allowBackup="true"
27-->src\main\AndroidManifest.xml:9:9-35
28        android:appComponentFactory="androidx.core.app.CoreComponentFactory"
28-->[androidx.core:core:1.10.1] AndroidManifest.xml:28:18-86
29        android:dataExtractionRules="@xml/data_extraction_rules"
29-->src\main\AndroidManifest.xml:10:9-65
30        android:debuggable="true"
31        android:extractNativeLibs="false"
32        android:fullBackupContent="@xml/backup_rules"
32-->src\main\AndroidManifest.xml:11:9-54
33        android:icon="@mipmap/ic_launcher"
33-->src\main\AndroidManifest.xml:12:9-43
34        android:label="@string/app_name"
34-->src\main\AndroidManifest.xml:13:9-41
35        android:roundIcon="@mipmap/ic_launcher_round"
35-->src\main\AndroidManifest.xml:14:9-54
36        android:supportsRtl="true"
36-->src\main\AndroidManifest.xml:15:9-35
37        android:testOnly="true"
38        android:theme="@style/AppTheme" >
38-->src\main\AndroidManifest.xml:16:9-40
39        <activity
39-->src\main\AndroidManifest.xml:18:9-21:58
40            android:name="com.onlineShop.shopit.ui.activities.CheckoutActivity"
40-->src\main\AndroidManifest.xml:19:13-59
41            android:screenOrientation="portrait"
41-->src\main\AndroidManifest.xml:20:13-49
42            android:theme="@style/AppTheme.NoActionBar" />
42-->src\main\AndroidManifest.xml:21:13-56
43        <activity
43-->src\main\AndroidManifest.xml:22:9-25:49
44            android:name="com.onlineShop.shopit.ui.activities.AddEditAddressActivity"
44-->src\main\AndroidManifest.xml:23:13-65
45            android:screenOrientation="portrait"
45-->src\main\AndroidManifest.xml:24:13-49
46            android:theme="@style/AppTheme.1" />
46-->src\main\AndroidManifest.xml:25:13-46
47        <activity
47-->src\main\AndroidManifest.xml:26:9-29:59
48            android:name="com.onlineShop.shopit.ui.activities.AddressListActivity"
48-->src\main\AndroidManifest.xml:27:13-62
49            android:screenOrientation="portrait"
49-->src\main\AndroidManifest.xml:28:13-49
50            android:theme="@style/AppTheme.NoActionBar" />
50-->src\main\AndroidManifest.xml:29:13-56
51        <activity
51-->src\main\AndroidManifest.xml:30:9-33:59
52            android:name="com.onlineShop.shopit.ui.activities.CartListActivity"
52-->src\main\AndroidManifest.xml:31:13-59
53            android:screenOrientation="portrait"
53-->src\main\AndroidManifest.xml:32:13-49
54            android:theme="@style/AppTheme.NoActionBar" />
54-->src\main\AndroidManifest.xml:33:13-56
55        <activity
55-->src\main\AndroidManifest.xml:34:9-37:59
56            android:name="com.onlineShop.shopit.ui.activities.ProductDetailsActivity"
56-->src\main\AndroidManifest.xml:35:13-65
57            android:screenOrientation="portrait"
57-->src\main\AndroidManifest.xml:36:13-49
58            android:theme="@style/AppTheme.NoActionBar" />
58-->src\main\AndroidManifest.xml:37:13-56
59        <activity
59-->src\main\AndroidManifest.xml:38:9-41:49
60            android:name="com.onlineShop.shopit.ui.activities.AddProductActivity"
60-->src\main\AndroidManifest.xml:39:13-61
61            android:screenOrientation="portrait"
61-->src\main\AndroidManifest.xml:40:13-49
62            android:theme="@style/AppTheme.1" />
62-->src\main\AndroidManifest.xml:41:13-46
63        <activity
63-->src\main\AndroidManifest.xml:42:9-45:59
64            android:name="com.onlineShop.shopit.ui.activities.SettingsActivity"
64-->src\main\AndroidManifest.xml:43:13-59
65            android:screenOrientation="portrait"
65-->src\main\AndroidManifest.xml:44:13-49
66            android:theme="@style/AppTheme.NoActionBar" />
66-->src\main\AndroidManifest.xml:45:13-56
67        <activity
67-->src\main\AndroidManifest.xml:46:9-48:48
68            android:name="com.onlineShop.shopit.ui.activities.DashboardActivity"
68-->src\main\AndroidManifest.xml:47:13-60
69            android:label="@string/app_name" />
69-->src\main\AndroidManifest.xml:48:13-45
70        <activity
70-->src\main\AndroidManifest.xml:49:9-52:49
71            android:name="com.onlineShop.shopit.ui.activities.UserProfileActivity"
71-->src\main\AndroidManifest.xml:50:13-62
72            android:screenOrientation="portrait"
72-->src\main\AndroidManifest.xml:51:13-49
73            android:theme="@style/AppTheme.1" />
73-->src\main\AndroidManifest.xml:52:13-46
74        <activity
74-->src\main\AndroidManifest.xml:53:9-56:59
75            android:name="com.onlineShop.shopit.ui.activities.ForgotPasswordActivity"
75-->src\main\AndroidManifest.xml:54:13-65
76            android:screenOrientation="portrait"
76-->src\main\AndroidManifest.xml:55:13-49
77            android:theme="@style/AppTheme.NoActionBar" />
77-->src\main\AndroidManifest.xml:56:13-56
78        <activity
78-->src\main\AndroidManifest.xml:57:9-59:40
79            android:name="com.onlineShop.shopit.ui.activities.BaseActivity"
79-->src\main\AndroidManifest.xml:58:13-55
80            android:exported="false" />
80-->src\main\AndroidManifest.xml:59:13-37
81        <activity
81-->src\main\AndroidManifest.xml:60:9-63:49
82            android:name="com.onlineShop.shopit.ui.activities.RegisterActivity"
82-->src\main\AndroidManifest.xml:61:13-59
83            android:screenOrientation="portrait"
83-->src\main\AndroidManifest.xml:62:13-49
84            android:theme="@style/AppTheme.1" />
84-->src\main\AndroidManifest.xml:63:13-46
85        <activity
85-->src\main\AndroidManifest.xml:64:9-68:49
86            android:name="com.onlineShop.shopit.ui.activities.LoginActivity"
86-->src\main\AndroidManifest.xml:65:13-56
87            android:exported="false"
87-->src\main\AndroidManifest.xml:66:13-37
88            android:screenOrientation="portrait"
88-->src\main\AndroidManifest.xml:67:13-49
89            android:theme="@style/AppTheme.1" />
89-->src\main\AndroidManifest.xml:68:13-46
90        <activity
90-->src\main\AndroidManifest.xml:69:9-79:20
91            android:name="com.onlineShop.shopit.ui.activities.SplashActivity"
91-->src\main\AndroidManifest.xml:70:13-57
92            android:exported="true"
92-->src\main\AndroidManifest.xml:71:13-36
93            android:screenOrientation="portrait"
93-->src\main\AndroidManifest.xml:72:13-49
94            android:theme="@style/AppTheme.NoActionBar" >
94-->src\main\AndroidManifest.xml:73:13-56
95            <intent-filter>
95-->src\main\AndroidManifest.xml:74:13-78:29
96                <action android:name="android.intent.action.MAIN" />
96-->src\main\AndroidManifest.xml:75:17-69
96-->src\main\AndroidManifest.xml:75:25-66
97
98                <category android:name="android.intent.category.LAUNCHER" />
98-->src\main\AndroidManifest.xml:77:17-77
98-->src\main\AndroidManifest.xml:77:27-74
99            </intent-filter>
100        </activity>
101        <activity
101-->src\main\AndroidManifest.xml:80:9-82:52
102            android:name="com.onlineShop.shopit.ui.activities.MainActivity"
102-->src\main\AndroidManifest.xml:81:13-55
103            android:screenOrientation="portrait" />
103-->src\main\AndroidManifest.xml:82:13-49
104
105        <service
105-->[com.google.firebase:firebase-auth-ktx:22.0.0] AndroidManifest.xml:8:9-14:19
106            android:name="com.google.firebase.components.ComponentDiscoveryService"
106-->[com.google.firebase:firebase-auth-ktx:22.0.0] AndroidManifest.xml:9:13-84
107            android:directBootAware="true"
107-->[com.google.firebase:firebase-common:20.3.3] AndroidManifest.xml:34:13-43
108            android:exported="false" >
108-->[com.google.firebase:firebase-auth-ktx:22.0.0] AndroidManifest.xml:10:13-37
109            <meta-data
109-->[com.google.firebase:firebase-auth-ktx:22.0.0] AndroidManifest.xml:11:13-13:85
110                android:name="com.google.firebase.components:com.google.firebase.auth.ktx.FirebaseAuthKtxRegistrar"
110-->[com.google.firebase:firebase-auth-ktx:22.0.0] AndroidManifest.xml:12:17-116
111                android:value="com.google.firebase.components.ComponentRegistrar" />
111-->[com.google.firebase:firebase-auth-ktx:22.0.0] AndroidManifest.xml:13:17-82
112            <meta-data
112-->[com.google.firebase:firebase-messaging-ktx:23.1.2] AndroidManifest.xml:28:13-30:85
113                android:name="com.google.firebase.components:com.google.firebase.messaging.ktx.FirebaseMessagingKtxRegistrar"
113-->[com.google.firebase:firebase-messaging-ktx:23.1.2] AndroidManifest.xml:29:17-126
114                android:value="com.google.firebase.components.ComponentRegistrar" />
114-->[com.google.firebase:firebase-messaging-ktx:23.1.2] AndroidManifest.xml:30:17-82
115            <meta-data
115-->[com.google.firebase:firebase-storage-ktx:20.2.1] AndroidManifest.xml:14:13-16:85
116                android:name="com.google.firebase.components:com.google.firebase.storage.ktx.FirebaseStorageKtxRegistrar"
116-->[com.google.firebase:firebase-storage-ktx:20.2.1] AndroidManifest.xml:15:17-122
117                android:value="com.google.firebase.components.ComponentRegistrar" />
117-->[com.google.firebase:firebase-storage-ktx:20.2.1] AndroidManifest.xml:16:17-82
118            <meta-data
118-->[com.google.firebase:firebase-analytics-ktx:21.3.0] AndroidManifest.xml:11:13-13:85
119                android:name="com.google.firebase.components:com.google.firebase.analytics.ktx.FirebaseAnalyticsKtxRegistrar"
119-->[com.google.firebase:firebase-analytics-ktx:21.3.0] AndroidManifest.xml:12:17-126
120                android:value="com.google.firebase.components.ComponentRegistrar" />
120-->[com.google.firebase:firebase-analytics-ktx:21.3.0] AndroidManifest.xml:13:17-82
121            <meta-data
121-->[com.google.firebase:firebase-firestore-ktx:24.6.1] AndroidManifest.xml:14:13-16:85
122                android:name="com.google.firebase.components:com.google.firebase.firestore.ktx.FirebaseFirestoreKtxRegistrar"
122-->[com.google.firebase:firebase-firestore-ktx:24.6.1] AndroidManifest.xml:15:17-126
123                android:value="com.google.firebase.components.ComponentRegistrar" />
123-->[com.google.firebase:firebase-firestore-ktx:24.6.1] AndroidManifest.xml:16:17-82
124            <meta-data
124-->[com.google.firebase:firebase-common-ktx:20.3.3] AndroidManifest.xml:14:13-16:85
125                android:name="com.google.firebase.components:com.google.firebase.ktx.FirebaseCommonKtxRegistrar"
125-->[com.google.firebase:firebase-common-ktx:20.3.3] AndroidManifest.xml:15:17-113
126                android:value="com.google.firebase.components.ComponentRegistrar" />
126-->[com.google.firebase:firebase-common-ktx:20.3.3] AndroidManifest.xml:16:17-82
127            <meta-data
127-->[com.google.firebase:firebase-auth:22.0.0] AndroidManifest.xml:69:13-71:85
128                android:name="com.google.firebase.components:com.google.firebase.auth.FirebaseAuthRegistrar"
128-->[com.google.firebase:firebase-auth:22.0.0] AndroidManifest.xml:70:17-109
129                android:value="com.google.firebase.components.ComponentRegistrar" />
129-->[com.google.firebase:firebase-auth:22.0.0] AndroidManifest.xml:71:17-82
130            <meta-data
130-->[com.google.firebase:firebase-messaging:23.1.2] AndroidManifest.xml:55:13-57:85
131                android:name="com.google.firebase.components:com.google.firebase.messaging.FirebaseMessagingRegistrar"
131-->[com.google.firebase:firebase-messaging:23.1.2] AndroidManifest.xml:56:17-119
132                android:value="com.google.firebase.components.ComponentRegistrar" />
132-->[com.google.firebase:firebase-messaging:23.1.2] AndroidManifest.xml:57:17-82
133            <meta-data
133-->[com.google.firebase:firebase-storage:20.2.1] AndroidManifest.xml:32:13-34:85
134                android:name="com.google.firebase.components:com.google.firebase.storage.StorageRegistrar"
134-->[com.google.firebase:firebase-storage:20.2.1] AndroidManifest.xml:33:17-107
135                android:value="com.google.firebase.components.ComponentRegistrar" />
135-->[com.google.firebase:firebase-storage:20.2.1] AndroidManifest.xml:34:17-82
136            <meta-data
136-->[com.google.firebase:firebase-firestore:24.6.1] AndroidManifest.xml:19:13-21:85
137                android:name="com.google.firebase.components:com.google.firebase.firestore.FirestoreRegistrar"
137-->[com.google.firebase:firebase-firestore:24.6.1] AndroidManifest.xml:20:17-111
138                android:value="com.google.firebase.components.ComponentRegistrar" />
138-->[com.google.firebase:firebase-firestore:24.6.1] AndroidManifest.xml:21:17-82
139            <meta-data
139-->[com.google.firebase:firebase-datatransport:18.1.7] AndroidManifest.xml:27:13-29:85
140                android:name="com.google.firebase.components:com.google.firebase.datatransport.TransportRegistrar"
140-->[com.google.firebase:firebase-datatransport:18.1.7] AndroidManifest.xml:28:17-115
141                android:value="com.google.firebase.components.ComponentRegistrar" />
141-->[com.google.firebase:firebase-datatransport:18.1.7] AndroidManifest.xml:29:17-82
142            <meta-data
142-->[com.google.android.gms:play-services-measurement-api:21.3.0] AndroidManifest.xml:31:13-33:85
143                android:name="com.google.firebase.components:com.google.firebase.analytics.connector.internal.AnalyticsConnectorRegistrar"
143-->[com.google.android.gms:play-services-measurement-api:21.3.0] AndroidManifest.xml:32:17-139
144                android:value="com.google.firebase.components.ComponentRegistrar" />
144-->[com.google.android.gms:play-services-measurement-api:21.3.0] AndroidManifest.xml:33:17-82
145            <meta-data
145-->[com.google.firebase:firebase-installations:17.1.3] AndroidManifest.xml:17:13-19:85
146                android:name="com.google.firebase.components:com.google.firebase.installations.FirebaseInstallationsRegistrar"
146-->[com.google.firebase:firebase-installations:17.1.3] AndroidManifest.xml:18:17-127
147                android:value="com.google.firebase.components.ComponentRegistrar" />
147-->[com.google.firebase:firebase-installations:17.1.3] AndroidManifest.xml:19:17-82
148        </service>
149
150        <activity
150-->[com.google.firebase:firebase-auth:22.0.0] AndroidManifest.xml:29:9-46:20
151            android:name="com.google.firebase.auth.internal.GenericIdpActivity"
151-->[com.google.firebase:firebase-auth:22.0.0] AndroidManifest.xml:30:13-80
152            android:excludeFromRecents="true"
152-->[com.google.firebase:firebase-auth:22.0.0] AndroidManifest.xml:31:13-46
153            android:exported="true"
153-->[com.google.firebase:firebase-auth:22.0.0] AndroidManifest.xml:32:13-36
154            android:launchMode="singleTask"
154-->[com.google.firebase:firebase-auth:22.0.0] AndroidManifest.xml:33:13-44
155            android:theme="@android:style/Theme.Translucent.NoTitleBar" >
155-->[com.google.firebase:firebase-auth:22.0.0] AndroidManifest.xml:34:13-72
156            <intent-filter>
156-->[com.google.firebase:firebase-auth:22.0.0] AndroidManifest.xml:35:13-45:29
157                <action android:name="android.intent.action.VIEW" />
157-->[com.google.firebase:firebase-auth:22.0.0] AndroidManifest.xml:36:17-69
157-->[com.google.firebase:firebase-auth:22.0.0] AndroidManifest.xml:36:25-66
158
159                <category android:name="android.intent.category.DEFAULT" />
159-->[com.google.firebase:firebase-auth:22.0.0] AndroidManifest.xml:38:17-76
159-->[com.google.firebase:firebase-auth:22.0.0] AndroidManifest.xml:38:27-73
160                <category android:name="android.intent.category.BROWSABLE" />
160-->[com.google.firebase:firebase-auth:22.0.0] AndroidManifest.xml:39:17-78
160-->[com.google.firebase:firebase-auth:22.0.0] AndroidManifest.xml:39:27-75
161
162                <data
162-->[com.google.firebase:firebase-auth:22.0.0] AndroidManifest.xml:41:17-44:51
163                    android:host="firebase.auth"
163-->[com.google.firebase:firebase-auth:22.0.0] AndroidManifest.xml:42:21-49
164                    android:path="/"
164-->[com.google.firebase:firebase-auth:22.0.0] AndroidManifest.xml:43:21-37
165                    android:scheme="genericidp" />
165-->[com.google.firebase:firebase-auth:22.0.0] AndroidManifest.xml:44:21-48
166            </intent-filter>
167        </activity>
168        <activity
168-->[com.google.firebase:firebase-auth:22.0.0] AndroidManifest.xml:47:9-64:20
169            android:name="com.google.firebase.auth.internal.RecaptchaActivity"
169-->[com.google.firebase:firebase-auth:22.0.0] AndroidManifest.xml:48:13-79
170            android:excludeFromRecents="true"
170-->[com.google.firebase:firebase-auth:22.0.0] AndroidManifest.xml:49:13-46
171            android:exported="true"
171-->[com.google.firebase:firebase-auth:22.0.0] AndroidManifest.xml:50:13-36
172            android:launchMode="singleTask"
172-->[com.google.firebase:firebase-auth:22.0.0] AndroidManifest.xml:51:13-44
173            android:theme="@android:style/Theme.Translucent.NoTitleBar" >
173-->[com.google.firebase:firebase-auth:22.0.0] AndroidManifest.xml:52:13-72
174            <intent-filter>
174-->[com.google.firebase:firebase-auth:22.0.0] AndroidManifest.xml:53:13-63:29
175                <action android:name="android.intent.action.VIEW" />
175-->[com.google.firebase:firebase-auth:22.0.0] AndroidManifest.xml:36:17-69
175-->[com.google.firebase:firebase-auth:22.0.0] AndroidManifest.xml:36:25-66
176
177                <category android:name="android.intent.category.DEFAULT" />
177-->[com.google.firebase:firebase-auth:22.0.0] AndroidManifest.xml:38:17-76
177-->[com.google.firebase:firebase-auth:22.0.0] AndroidManifest.xml:38:27-73
178                <category android:name="android.intent.category.BROWSABLE" />
178-->[com.google.firebase:firebase-auth:22.0.0] AndroidManifest.xml:39:17-78
178-->[com.google.firebase:firebase-auth:22.0.0] AndroidManifest.xml:39:27-75
179
180                <data
180-->[com.google.firebase:firebase-auth:22.0.0] AndroidManifest.xml:41:17-44:51
181                    android:host="firebase.auth"
181-->[com.google.firebase:firebase-auth:22.0.0] AndroidManifest.xml:42:21-49
182                    android:path="/"
182-->[com.google.firebase:firebase-auth:22.0.0] AndroidManifest.xml:43:21-37
183                    android:scheme="recaptcha" />
183-->[com.google.firebase:firebase-auth:22.0.0] AndroidManifest.xml:44:21-48
184            </intent-filter>
185        </activity>
186
187        <receiver
187-->[com.google.firebase:firebase-messaging:23.1.2] AndroidManifest.xml:31:9-38:20
188            android:name="com.google.firebase.iid.FirebaseInstanceIdReceiver"
188-->[com.google.firebase:firebase-messaging:23.1.2] AndroidManifest.xml:32:13-78
189            android:exported="true"
189-->[com.google.firebase:firebase-messaging:23.1.2] AndroidManifest.xml:33:13-36
190            android:permission="com.google.android.c2dm.permission.SEND" >
190-->[com.google.firebase:firebase-messaging:23.1.2] AndroidManifest.xml:34:13-73
191            <intent-filter>
191-->[com.google.firebase:firebase-messaging:23.1.2] AndroidManifest.xml:35:13-37:29
192                <action android:name="com.google.android.c2dm.intent.RECEIVE" />
192-->[com.google.firebase:firebase-messaging:23.1.2] AndroidManifest.xml:36:17-81
192-->[com.google.firebase:firebase-messaging:23.1.2] AndroidManifest.xml:36:25-78
193            </intent-filter>
194        </receiver>
195        <!--
196             FirebaseMessagingService performs security checks at runtime,
197             but set to not exported to explicitly avoid allowing another app to call it.
198        -->
199        <service
199-->[com.google.firebase:firebase-messaging:23.1.2] AndroidManifest.xml:44:9-51:19
200            android:name="com.google.firebase.messaging.FirebaseMessagingService"
200-->[com.google.firebase:firebase-messaging:23.1.2] AndroidManifest.xml:45:13-82
201            android:directBootAware="true"
201-->[com.google.firebase:firebase-messaging:23.1.2] AndroidManifest.xml:46:13-43
202            android:exported="false" >
202-->[com.google.firebase:firebase-messaging:23.1.2] AndroidManifest.xml:47:13-37
203            <intent-filter android:priority="-500" >
203-->[com.google.firebase:firebase-messaging:23.1.2] AndroidManifest.xml:48:13-50:29
203-->[com.google.firebase:firebase-messaging:23.1.2] AndroidManifest.xml:48:28-51
204                <action android:name="com.google.firebase.MESSAGING_EVENT" />
204-->[com.google.firebase:firebase-messaging:23.1.2] AndroidManifest.xml:49:17-78
204-->[com.google.firebase:firebase-messaging:23.1.2] AndroidManifest.xml:49:25-75
205            </intent-filter>
206        </service>
207
208        <provider
208-->[com.google.firebase:firebase-common:20.3.3] AndroidManifest.xml:25:9-30:39
209            android:name="com.google.firebase.provider.FirebaseInitProvider"
209-->[com.google.firebase:firebase-common:20.3.3] AndroidManifest.xml:26:13-77
210            android:authorities="com.onlineShop.shopit.firebaseinitprovider"
210-->[com.google.firebase:firebase-common:20.3.3] AndroidManifest.xml:27:13-72
211            android:directBootAware="true"
211-->[com.google.firebase:firebase-common:20.3.3] AndroidManifest.xml:28:13-43
212            android:exported="false"
212-->[com.google.firebase:firebase-common:20.3.3] AndroidManifest.xml:29:13-37
213            android:initOrder="100" />
213-->[com.google.firebase:firebase-common:20.3.3] AndroidManifest.xml:30:13-36
214
215        <activity
215-->[com.google.android.gms:play-services-base:18.0.1] AndroidManifest.xml:20:9-22:45
216            android:name="com.google.android.gms.common.api.GoogleApiActivity"
216-->[com.google.android.gms:play-services-base:18.0.1] AndroidManifest.xml:20:19-85
217            android:exported="false"
217-->[com.google.android.gms:play-services-base:18.0.1] AndroidManifest.xml:22:19-43
218            android:theme="@android:style/Theme.Translucent.NoTitleBar" />
218-->[com.google.android.gms:play-services-base:18.0.1] AndroidManifest.xml:21:19-78
219
220        <receiver
220-->[com.google.android.gms:play-services-measurement:21.3.0] AndroidManifest.xml:29:9-33:20
221            android:name="com.google.android.gms.measurement.AppMeasurementReceiver"
221-->[com.google.android.gms:play-services-measurement:21.3.0] AndroidManifest.xml:30:13-85
222            android:enabled="true"
222-->[com.google.android.gms:play-services-measurement:21.3.0] AndroidManifest.xml:31:13-35
223            android:exported="false" >
223-->[com.google.android.gms:play-services-measurement:21.3.0] AndroidManifest.xml:32:13-37
224        </receiver>
225
226        <service
226-->[com.google.android.gms:play-services-measurement:21.3.0] AndroidManifest.xml:35:9-38:40
227            android:name="com.google.android.gms.measurement.AppMeasurementService"
227-->[com.google.android.gms:play-services-measurement:21.3.0] AndroidManifest.xml:36:13-84
228            android:enabled="true"
228-->[com.google.android.gms:play-services-measurement:21.3.0] AndroidManifest.xml:37:13-35
229            android:exported="false" />
229-->[com.google.android.gms:play-services-measurement:21.3.0] AndroidManifest.xml:38:13-37
230        <service
230-->[com.google.android.gms:play-services-measurement:21.3.0] AndroidManifest.xml:39:9-43:72
231            android:name="com.google.android.gms.measurement.AppMeasurementJobService"
231-->[com.google.android.gms:play-services-measurement:21.3.0] AndroidManifest.xml:40:13-87
232            android:enabled="true"
232-->[com.google.android.gms:play-services-measurement:21.3.0] AndroidManifest.xml:41:13-35
233            android:exported="false"
233-->[com.google.android.gms:play-services-measurement:21.3.0] AndroidManifest.xml:42:13-37
234            android:permission="android.permission.BIND_JOB_SERVICE" />
234-->[com.google.android.gms:play-services-measurement:21.3.0] AndroidManifest.xml:43:13-69
235
236        <meta-data
236-->[com.google.android.gms:play-services-basement:18.1.0] AndroidManifest.xml:21:9-23:69
237            android:name="com.google.android.gms.version"
237-->[com.google.android.gms:play-services-basement:18.1.0] AndroidManifest.xml:22:13-58
238            android:value="@integer/google_play_services_version" />
238-->[com.google.android.gms:play-services-basement:18.1.0] AndroidManifest.xml:23:13-66
239
240        <provider
240-->[androidx.emoji2:emoji2:1.2.0] AndroidManifest.xml:24:9-32:20
241            android:name="androidx.startup.InitializationProvider"
241-->[androidx.emoji2:emoji2:1.2.0] AndroidManifest.xml:25:13-67
242            android:authorities="com.onlineShop.shopit.androidx-startup"
242-->[androidx.emoji2:emoji2:1.2.0] AndroidManifest.xml:26:13-68
243            android:exported="false" >
243-->[androidx.emoji2:emoji2:1.2.0] AndroidManifest.xml:27:13-37
244            <meta-data
244-->[androidx.emoji2:emoji2:1.2.0] AndroidManifest.xml:29:13-31:52
245                android:name="androidx.emoji2.text.EmojiCompatInitializer"
245-->[androidx.emoji2:emoji2:1.2.0] AndroidManifest.xml:30:17-75
246                android:value="androidx.startup" />
246-->[androidx.emoji2:emoji2:1.2.0] AndroidManifest.xml:31:17-49
247            <meta-data
247-->[androidx.lifecycle:lifecycle-process:2.6.1] AndroidManifest.xml:29:13-31:52
248                android:name="androidx.lifecycle.ProcessLifecycleInitializer"
248-->[androidx.lifecycle:lifecycle-process:2.6.1] AndroidManifest.xml:30:17-78
249                android:value="androidx.startup" />
249-->[androidx.lifecycle:lifecycle-process:2.6.1] AndroidManifest.xml:31:17-49
250            <meta-data
250-->[androidx.profileinstaller:profileinstaller:1.3.0] AndroidManifest.xml:29:13-31:52
251                android:name="androidx.profileinstaller.ProfileInstallerInitializer"
251-->[androidx.profileinstaller:profileinstaller:1.3.0] AndroidManifest.xml:30:17-85
252                android:value="androidx.startup" />
252-->[androidx.profileinstaller:profileinstaller:1.3.0] AndroidManifest.xml:31:17-49
253        </provider>
254
255        <uses-library
255-->[androidx.window:window:1.0.0] AndroidManifest.xml:25:9-27:40
256            android:name="androidx.window.extensions"
256-->[androidx.window:window:1.0.0] AndroidManifest.xml:26:13-54
257            android:required="false" />
257-->[androidx.window:window:1.0.0] AndroidManifest.xml:27:13-37
258        <uses-library
258-->[androidx.window:window:1.0.0] AndroidManifest.xml:28:9-30:40
259            android:name="androidx.window.sidecar"
259-->[androidx.window:window:1.0.0] AndroidManifest.xml:29:13-51
260            android:required="false" />
260-->[androidx.window:window:1.0.0] AndroidManifest.xml:30:13-37
261
262        <service
262-->[com.google.android.datatransport:transport-backend-cct:3.1.8] AndroidManifest.xml:28:9-34:19
263            android:name="com.google.android.datatransport.runtime.backends.TransportBackendDiscovery"
263-->[com.google.android.datatransport:transport-backend-cct:3.1.8] AndroidManifest.xml:29:13-103
264            android:exported="false" >